<?xml version="1.0" encoding="UTF-8"?>
<testsuite xmlns:xsi="http://www.w3.org/2001/XMLSchema-instance" xsi:noNamespaceSchemaLocation="https://maven.apache.org/surefire/maven-surefire-plugin/xsd/surefire-test-report-3.0.xsd" version="3.0" name="com.nagarro.dockersample.DockersampleApplicationTests" time="0.068" tests="3" errors="0" skipped="0" failures="0">
  <properties>
[...]
</properties>
  <testcase name="testGetAllCustomers_ReturnsAllCustomers" classname="com.nagarro.dockersample.DockersampleApplicationTests" time="0.024"/>
  <testcase name="testGetCustomerById_NonExistingCustomer" classname="com.nagarro.dockersample.DockersampleApplicationTests" time="0.021"/>
  <testcase name="testGetCustomerById_ExistingCustomer" classname="com.nagarro.dockersample.DockersampleApplicationTests" time="0.001"/>
</testsuite>